#
# A fatal error has been detected by the Java Runtime Environment:
#
#  SIGSEGV (0xb) at pc=0x00007f8c150697ba, pid=3003, tid=0x00007f8bdf720700
#
# JRE version: OpenJDK Runtime Environment (8.0_121-b13) (build 1.8.0_121-8u121-b13-0ubuntu1.16.04.2-b13)
# Java VM: OpenJDK 64-Bit Server VM (25.121-b13 mixed mode linux-amd64 compressed oops)
# Problematic frame:
# v  ~BufferBlob::jni_fast_GetLongField
#
# Failed to write core dump. Core dumps have been disabled. To enable core dumping, try "ulimit -c unlimited" before starting Java again
#
# If you would like to submit a bug report, please visit:
#   http://bugreport.java.com/bugreport/crash.jsp
# The crash happened outside the Java Virtual Machine in native code.
# See problematic frame for where to report the bug.
#

---------------  T H R E A D  ---------------

Current thread (0x00007f8c24228000):  JavaThread "AWT-XAWT" daemon [_thread_in_native, id=3021, stack(0x00007f8bdf620000,0x00007f8bdf721000)]

siginfo: si_signo: 11 (SIGSEGV), si_code: 1 (SEGV_MAPERR), si_addr: 0x0000000000000000

Registers:
RAX=0x00007f8c2b14dfe0, RBX=0x00007f8c242281e0, RCX=0x0000000000000000, RDX=0x0000000000000042
RSP=0x00007f8bdf71f838, RBP=0x00007f8bdf71f860, RSI=0x0000000000000000, RDI=0x00007f8c242281e0
R8 =0x00000000f695edb8, R9 =0x0000000000000000, R10=0x000000000000002c, R11=0x00007f8c152d3698
R12=0x00007f8bc803a730, R13=0x0000000000000000, R14=0x00007f8c0d7d7b00, R15=0x00007f8c24228000
RIP=0x00007f8c150697ba, EFLAGS=0x0000000000010246, CSGSFS=0x0000000000000033, ERR=0x0000000000000004
  TRAPNO=0x000000000000000e

Top of Stack: (sp=0x00007f8bdf71f838)
0x00007f8bdf71f838:   00007f8c0d5b4f74 00007f8c0fbff488
0x00007f8bdf71f848:   00007f8bc803a730 00007f8bdf71f910
0x00007f8bdf71f858:   00007f8bdf71f8e0 0000000000000000
0x00007f8bdf71f868:   00007f8c0d07f3c0 00007f8c0fbff488
0x00007f8bdf71f878:   00007f8bdf71f8a0 0000000000000000
0x00007f8bdf71f888:   00007f8c0d076f93 00007f8bdf71f910
0x00007f8bdf71f898:   00007f8c0d5accef 00007f8bdf71f8f0
0x00007f8bdf71f8a8:   00007f8c152d3736 0000000000000000
0x00007f8bdf71f8b8:   00007f8c15249336 00007f8bdf71f910
0x00007f8bdf71f8c8:   00007f8c15185d6c 00007f8bdf71f970
0x00007f8bdf71f8d8:   00000000f6b552b8 00000000f6b12120
0x00007f8bdf71f8e8:   0000000000000001 00007f8bdf71f970
0x00007f8bdf71f8f8:   00007f8c150077d0 00007f8bdf71f970
0x00007f8bdf71f908:   00007f8c150077d0 0000000000000000
0x00007f8bdf71f918:   00007f8c15007b10 00007f8bcc002e40
0x00007f8bdf71f928:   00000000f6b6bc20 00007f8bdf71f930
0x00007f8bdf71f938:   00007f8c0fd0dfbc 00007f8bdf71f9b8
0x00007f8bdf71f948:   00007f8c0fd17428 0000000000000000
0x00007f8bdf71f958:   00007f8c0fd0e0f8 00007f8bdf71f910
0x00007f8bdf71f968:   00007f8bdf71f9b0 00007f8bdf71fa00
0x00007f8bdf71f978:   00007f8c15007ffd 0000000000000000
0x00007f8bdf71f988:   00000000f7042578 0000000000000000
0x00007f8bdf71f998:   0000000000000000 0000000000000000
0x00007f8bdf71f9a8:   00000000f6b6bc20 0000000000000000
0x00007f8bdf71f9b8:   00000000f6b55e58 00007f8bdf71f9c0
0x00007f8bdf71f9c8:   00007f8c0fd0ddfd 00007f8bdf71fa10
0x00007f8bdf71f9d8:   00007f8c0fd17428 0000000000000000
0x00007f8bdf71f9e8:   00007f8c0fd0de08 00007f8bdf71f9b0
0x00007f8bdf71f9f8:   00007f8bdf71fa10 00007f8bdf71fa58
0x00007f8bdf71fa08:   00007f8c15008042 00000000f6b55e58
0x00007f8bdf71fa18:   00007f8bdf71fa18 00007f8c0f82d993
0x00007f8bdf71fa28:   00007f8bdf71fa68 00007f8c0f8b5010 

Instructions: (pc=0x00007f8c150697ba)
0x00007f8c1506979a:   00 00 00 00 00 00 44 8b 15 8d 13 11 16 4c 8b ce
0x00007f8c150697aa:   41 f6 c2 01 0f 85 2e 00 00 00 4d 33 ca 4d 33 ca
0x00007f8c150697ba:   4d 8b 09 4c 8b da 49 c1 eb 02 4b 8b 04 19 49 bb
0x00007f8c150697ca:   34 ab 17 2b 8c 7f 00 00 4c 33 d8 4c 33 d8 45 3b 

Register to memory mapping:

RAX=0x00007f8c2b14dfe0: <offset 0xef1fe0> in /usr/lib/jvm/java-8-openjdk-amd64/jre/lib/amd64/server/libjvm.so at 0x00007f8c2a25c000
RBX=0x00007f8c242281e0 is an unknown value
RCX=0x0000000000000000 is an unknown value
RDX=0x0000000000000042 is an unknown value
RSP=0x00007f8bdf71f838 is pointing into the stack for thread: 0x00007f8c24228000
RBP=0x00007f8bdf71f860 is pointing into the stack for thread: 0x00007f8c24228000
RSI=0x0000000000000000 is an unknown value
RDI=0x00007f8c242281e0 is an unknown value
R8 =0x00000000f695edb8 is an oop
sun.util.logging.PlatformLogger$Level 
 - klass: 'sun/util/logging/PlatformLogger$Level'
R9 =0x0000000000000000 is an unknown value
R10=0x000000000000002c is an unknown value
R11=0x00007f8c152d3698 is at entry_point+24 in (nmethod*)0x00007f8c152d3510
R12=0x00007f8bc803a730 is an unknown value
R13=0x0000000000000000 is an unknown value
R14=0x00007f8c0d7d7b00: <offset 0x258b00> in /usr/lib/jvm/java-8-openjdk-amd64/jre/lib/amd64/libawt_xawt.so at 0x00007f8c0d57f000
R15=0x00007f8c24228000 is a thread


Stack: [0x00007f8bdf620000,0x00007f8bdf721000],  sp=0x00007f8bdf71f838,  free space=1022k
Native frames: (J=compiled Java code, j=interpreted, Vv=VM code, C=native code)
v  ~BufferBlob::jni_fast_GetLongField
C  [libX11.so.6+0x643c0]  _XimServerDestroy+0x70

Java frames: (J=compiled Java code, j=interpreted, Vv=VM code)
J 796  sun.awt.X11.XlibWrapper.XFilterEvent(JJ)Z (0 bytes) @ 0x00007f8c152d36c4 [0x00007f8c152d3680+0x44]
j  sun.awt.X11.XToolkit.run(Z)V+300
j  sun.awt.X11.XToolkit.run()V+5
j  java.lang.Thread.run()V+11
v  ~StubRoutines::call_stub

---------------  P R O C E S S  ---------------

Java Threads: ( => current thread )
  0x00007f8bd000a000 JavaThread "XToolkt-Shutdown-Thread" [_thread_in_native, id=4090, stack(0x00007f8bde3ed000,0x00007f8bde4ee000)]
  0x00007f8bf4003800 JavaThread "SIGTERM handler" daemon [_thread_blocked, id=4089, stack(0x00007f8bde4ee000,0x00007f8bde5ef000)]
  0x00007f8bf4002000 JavaThread "SIGHUP handler" daemon [_thread_blocked, id=4088, stack(0x00007f8bde5ef000,0x00007f8bde6f0000)]
  0x00007f8bf4001000 JavaThread "SIGTERM handler" daemon [_thread_blocked, id=4087, stack(0x00007f8bdf51f000,0x00007f8bdf620000)]
  0x00007f8bc8042000 JavaThread "TimerQueue" daemon [_thread_blocked, id=3026, stack(0x00007f8bde6f0000,0x00007f8bde7f1000)]
  0x00007f8c24009800 JavaThread "DestroyJavaVM" [_thread_blocked, id=3006, stack(0x00007f8c2beaf000,0x00007f8c2bfb0000)]
  0x00007f8c24271000 JavaThread "AWT-EventQueue-0" [_thread_blocked, id=3024, stack(0x00007f8bdf31d000,0x00007f8bdf41e000)]
  0x00007f8c2426f000 JavaThread "AWT-Shutdown" [_thread_blocked, id=3023, stack(0x00007f8bdf41e000,0x00007f8bdf51f000)]
=>0x00007f8c24228000 JavaThread "AWT-XAWT" daemon [_thread_in_native, id=3021, stack(0x00007f8bdf620000,0x00007f8bdf721000)]
  0x00007f8c24208000 JavaThread "Java2D Disposer" daemon [_thread_blocked, id=3020, stack(0x00007f8c0c079000,0x00007f8c0c17a000)]
  0x00007f8c240b9000 JavaThread "Service Thread" daemon [_thread_blocked, id=3018, stack(0x00007f8c0dbe0000,0x00007f8c0dce1000)]
  0x00007f8c240b1000 JavaThread "C1 CompilerThread2" daemon [_thread_blocked, id=3017, stack(0x00007f8c0dce1000,0x00007f8c0dde2000)]
  0x00007f8c240af800 JavaThread "C2 CompilerThread1" daemon [_thread_blocked, id=3016, stack(0x00007f8c0dde2000,0x00007f8c0dee3000)]
  0x00007f8c240ac800 JavaThread "C2 CompilerThread0" daemon [_thread_blocked, id=3015, stack(0x00007f8c0dee3000,0x00007f8c0dfe4000)]
  0x00007f8c240aa800 JavaThread "Signal Dispatcher" daemon [_thread_blocked, id=3014, stack(0x00007f8c0dfe4000,0x00007f8c0e0e5000)]
  0x00007f8c24083000 JavaThread "Finalizer" daemon [_thread_blocked, id=3013, stack(0x00007f8c0e3bd000,0x00007f8c0e4be000)]
  0x00007f8c2407e800 JavaThread "Reference Handler" daemon [_thread_blocked, id=3012, stack(0x00007f8c0e4be000,0x00007f8c0e5bf000)]

Other Threads:
  0x00007f8c24077000 VMThread [stack: 0x00007f8c0e5bf000,0x00007f8c0e6c0000] [id=3011]
  0x00007f8c240bb000 WatcherThread [stack: 0x00007f8c0dadf000,0x00007f8c0dbe0000] [id=3019]

VM state:not at safepoint (normal execution)

VM Mutex/Monitor currently owned by a thread: None

Heap:
 PSYoungGen      total 9216K, used 8092K [0x00000000f6900000, 0x00000000f7300000, 0x0000000100000000)
  eden space 8192K, 98% used [0x00000000f6900000,0x00000000f70e73e0,0x00000000f7100000)
  from space 1024K, 0% used [0x00000000f7200000,0x00000000f7200000,0x00000000f7300000)
  to   space 1024K, 0% used [0x00000000f7100000,0x00000000f7100000,0x00000000f7200000)
 ParOldGen       total 20480K, used 0K [0x00000000e3a00000, 0x00000000e4e00000, 0x00000000f6900000)
  object space 20480K, 0% used [0x00000000e3a00000,0x00000000e3a00000,0x00000000e4e00000)
 Metaspace       used 12754K, capacity 12994K, committed 13184K, reserved 1060864K
  class space    used 1500K, capacity 1577K, committed 1664K, reserved 1048576K

Card table byte_map: [0x00007f8c28486000,0x00007f8c2856a000] byte_map_base: 0x00007f8c27d69000

Marking Bits: (ParMarkBitMap*) 0x00007f8c2b17a220
 Begin Bits: [0x00007f8c141d0000, 0x00007f8c148e8000)
 End Bits:   [0x00007f8c148e8000, 0x00007f8c15000000)

Polling page: 0x00007f8c2bfcc000

CodeCache: size=245760Kb used=3820Kb max_used=3832Kb free=241939Kb
 bounds [0x00007f8c15000000, 0x00007f8c153d0000, 0x00007f8c24000000]
 total_blobs=1616 nmethods=1063 adapters=467
 compilation: enabled

Compilation events (10 events):
Event: 1356.301 Thread 0x00007f8c240af800 1059   !   4       sun.awt.X11.XToolkit::callTimeoutTasks (220 bytes)
Event: 1356.306 Thread 0x00007f8c240af800 nmethod 1059 0x00007f8c153bb0d0 code [0x00007f8c153bb240, 0x00007f8c153bb398]
Event: 1885.879 Thread 0x00007f8c240ac800 1060   !   4       sun.awt.X11.XToolkit::getNextTaskTime (55 bytes)
Event: 1885.895 Thread 0x00007f8c240ac800 nmethod 1060 0x00007f8c153ba810 code [0x00007f8c153ba9a0, 0x00007f8c153baca8]
Event: 7483.337 Thread 0x00007f8c240af800 1061       4       sun.awt.X11.XEvent::get_type (18 bytes)
Event: 7483.340 Thread 0x00007f8c240af800 nmethod 1061 0x00007f8c153ba290 code [0x00007f8c153ba400, 0x00007f8c153ba598]
Event: 7493.133 Thread 0x00007f8c240b1000 1062       3       java.util.Vector$Itr::hasNext (20 bytes)
Event: 7493.134 Thread 0x00007f8c240b1000 nmethod 1062 0x00007f8c153bc790 code [0x00007f8c153bc900, 0x00007f8c153bcab0]
Event: 7494.998 Thread 0x00007f8c240ac800 1063       4       java.lang.Long::valueOf (36 bytes)
Event: 7495.000 Thread 0x00007f8c240ac800 nmethod 1063 0x00007f8c153bdcd0 code [0x00007f8c153bde20, 0x00007f8c153bdf58]

GC Heap History (0 events):
No events

Deoptimization events (4 events):
Event: 0.657 Thread 0x00007f8c24009800 Uncommon trap: reason=class_check action=maybe_recompile pc=0x00007f8c151630b0 method=java.lang.String.equals(Ljava/lang/Object;)Z @ 8
Event: 0.659 Thread 0x00007f8c24009800 Uncommon trap: reason=class_check action=maybe_recompile pc=0x00007f8c151630b0 method=java.lang.String.equals(Ljava/lang/Object;)Z @ 8
Event: 0.659 Thread 0x00007f8c24009800 Uncommon trap: reason=class_check action=maybe_recompile pc=0x00007f8c151630b0 method=java.lang.String.equals(Ljava/lang/Object;)Z @ 8
Event: 0.660 Thread 0x00007f8c24009800 Uncommon trap: reason=class_check action=maybe_recompile pc=0x00007f8c151630b0 method=java.lang.String.equals(Ljava/lang/Object;)Z @ 8

Internal exceptions (10 events):
Event: 0.262 Thread 0x00007f8c24009800 Exception <a 'java/io/FileNotFoundException'> (0x00000000f6affaf8) thrown at [/build/openjdk-8-YiEakL/openjdk-8-8u121-b13/src/hotspot/src/share/vm/prims/jni.cpp, line 709]
Event: 0.302 Thread 0x00007f8c24009800 Exception <a 'java/lang/ClassNotFoundException': sun/dc/DuctusRenderingEngine> (0x00000000f6b17ce8) thrown at [/build/openjdk-8-YiEakL/openjdk-8-8u121-b13/src/hotspot/src/share/vm/classfile/systemDictionary.cpp, line 210]
Event: 0.426 Thread 0x00007f8c24256000 Exception <a 'java/io/FileNotFoundException'> (0x00000000f6c38ba0) thrown at [/build/openjdk-8-YiEakL/openjdk-8-8u121-b13/src/hotspot/src/share/vm/prims/jni.cpp, line 709]
Event: 0.595 Thread 0x00007f8c24256000 Exception <a 'java/io/FileNotFoundException'> (0x00000000f6c39178) thrown at [/build/openjdk-8-YiEakL/openjdk-8-8u121-b13/src/hotspot/src/share/vm/prims/jni.cpp, line 709]
Event: 0.597 Thread 0x00007f8c24256000 Exception <a 'java/io/FileNotFoundException'> (0x00000000f6c39760) thrown at [/build/openjdk-8-YiEakL/openjdk-8-8u121-b13/src/hotspot/src/share/vm/prims/jni.cpp, line 709]
Event: 0.604 Thread 0x00007f8c24256000 Exception <a 'java/io/FileNotFoundException'> (0x00000000f6c42db8) thrown at [/build/openjdk-8-YiEakL/openjdk-8-8u121-b13/src/hotspot/src/share/vm/prims/jni.cpp, line 709]
Event: 0.618 Thread 0x00007f8c24256000 Exception <a 'java/io/FileNotFoundException'> (0x00000000f6c59e40) thrown at [/build/openjdk-8-YiEakL/openjdk-8-8u121-b13/src/hotspot/src/share/vm/prims/jni.cpp, line 709]
Event: 0.636 Thread 0x00007f8c24256000 Exception <a 'java/io/FileNotFoundException'> (0x00000000f6e3a138) thrown at [/build/openjdk-8-YiEakL/openjdk-8-8u121-b13/src/hotspot/src/share/vm/prims/jni.cpp, line 709]
Event: 0.764 Thread 0x00007f8c24271000 Exception <a 'java/lang/UnsupportedOperationException': > (0x00000000f6ed2018) thrown at [/build/openjdk-8-YiEakL/openjdk-8-8u121-b13/src/hotspot/src/share/vm/prims/jni.cpp, line 735]
Event: 14.665 Thread 0x00007f8c24271000 Exception <a 'java/lang/UnsupportedOperationException': > (0x00000000f70649f0) thrown at [/build/openjdk-8-YiEakL/openjdk-8-8u121-b13/src/hotspot/src/share/vm/prims/jni.cpp, line 735]

Events (10 events):
Event: 16.682 loading class sun/awt/X11/XButtonEvent done
Event: 19.078 loading class java/awt/KeyboardFocusManager$2
Event: 19.078 loading class java/awt/KeyboardFocusManager$2 done
Event: 19.078 loading class sun/awt/SunToolkit$1
Event: 19.078 loading class sun/awt/SunToolkit$1 done
Event: 7441.107 loading class sun/awt/X11/XkbEvent
Event: 7441.130 loading class sun/awt/X11/XkbEvent done
Event: 7441.130 loading class sun/awt/X11/XkbAnyEvent
Event: 7441.141 loading class sun/awt/X11/XkbAnyEvent done
Event: 7882.383 loading class sun/misc/Signal$1


Dynamic libraries:
00400000-00401000 r-xp 00000000 08:05 2760666                            /usr/lib/jvm/java-8-openjdk-amd64/jre/bin/java
00600000-00601000 r--p 00000000 08:05 2760666                            /usr/lib/jvm/java-8-openjdk-amd64/jre/bin/java
00601000-00602000 rw-p 00001000 08:05 2760666                            /usr/lib/jvm/java-8-openjdk-amd64/jre/bin/java
00780000-007a1000 rw-p 00000000 00:00 0                                  [heap]
e3a00000-e4e00000 rw-p 00000000 00:00 0 
e4e00000-f6900000 ---p 00000000 00:00 0 
f6900000-f7300000 rw-p 00000000 00:00 0 
f7300000-100000000 ---p 00000000 00:00 0 
100000000-1001a0000 rw-p 00000000 00:00 0 
1001a0000-140000000 ---p 00000000 00:00 0 
7f8bb4000000-7f8bb4021000 rw-p 00000000 00:00 0 
7f8bb4021000-7f8bb8000000 ---p 00000000 00:00 0 
7f8bb8000000-7f8bb8021000 rw-p 00000000 00:00 0 
7f8bb8021000-7f8bbc000000 ---p 00000000 00:00 0 
7f8bbc000000-7f8bbc021000 rw-p 00000000 00:00 0 
7f8bbc021000-7f8bc0000000 ---p 00000000 00:00 0 
7f8bc0000000-7f8bc0021000 rw-p 00000000 00:00 0 
7f8bc0021000-7f8bc4000000 ---p 00000000 00:00 0 
7f8bc4000000-7f8bc4021000 rw-p 00000000 00:00 0 
7f8bc4021000-7f8bc8000000 ---p 00000000 00:00 0 
7f8bc8000000-7f8bc8071000 rw-p 00000000 00:00 0 
7f8bc8071000-7f8bcc000000 ---p 00000000 00:00 0 
7f8bcc000000-7f8bcc021000 rw-p 00000000 00:00 0 
7f8bcc021000-7f8bd0000000 ---p 00000000 00:00 0 
7f8bd0000000-7f8bd0021000 rw-p 00000000 00:00 0 
7f8bd0021000-7f8bd4000000 ---p 00000000 00:00 0 
7f8bd4000000-7f8bd4021000 rw-p 00000000 00:00 0 
7f8bd4021000-7f8bd8000000 ---p 00000000 00:00 0 
7f8bd8000000-7f8bd8021000 rw-p 00000000 00:00 0 
7f8bd8021000-7f8bdc000000 ---p 00000000 00:00 0 
7f8bde3ed000-7f8bde3f0000 ---p 00000000 00:00 0 
7f8bde3f0000-7f8bde4ee000 rw-p 00000000 00:00 0 
7f8bde4ee000-7f8bde4f1000 ---p 00000000 00:00 0 
7f8bde4f1000-7f8bde5ef000 rw-p 00000000 00:00 0 
7f8bde5ef000-7f8bde5f2000 ---p 00000000 00:00 0 
7f8bde5f2000-7f8bde6f0000 rw-p 00000000 00:00 0 
7f8bde6f0000-7f8bde6f3000 ---p 00000000 00:00 0 
7f8bde6f3000-7f8bde931000 rw-p 00000000 00:00 0 
7f8bde931000-7f8bde9f1000 ---p 00000000 00:00 0 
7f8bde9f1000-7f8bdea02000 r-xp 00000000 08:05 2756109                    /usr/lib/jvm/java-8-openjdk-amd64/jre/lib/amd64/libnio.so
7f8bdea02000-7f8bdec02000 ---p 00011000 08:05 2756109                    /usr/lib/jvm/java-8-openjdk-amd64/jre/lib/amd64/libnio.so
7f8bdec02000-7f8bdec03000 r--p 00011000 08:05 2756109                    /usr/lib/jvm/java-8-openjdk-amd64/jre/lib/amd64/libnio.so
7f8bdec03000-7f8bdec04000 rw-p 00012000 08:05 2756109                    /usr/lib/jvm/java-8-openjdk-amd64/jre/lib/amd64/libnio.so
7f8bdec04000-7f8bdef05000 rw-p 00000000 00:00 0 
7f8bdef05000-7f8bdef1c000 r-xp 00000000 08:05 2756101                    /usr/lib/jvm/java-8-openjdk-amd64/jre/lib/amd64/libnet.so
7f8bdef1c000-7f8bdf11b000 ---p 00017000 08:05 2756101                    /usr/lib/jvm/java-8-openjdk-amd64/jre/lib/amd64/libnet.so
7f8bdf11b000-7f8bdf11c000 r--p 00016000 08:05 2756101                    /usr/lib/jvm/java-8-openjdk-amd64/jre/lib/amd64/libnet.so
7f8bdf11c000-7f8bdf11d000 rw-p 00017000 08:05 2756101                    /usr/lib/jvm/java-8-openjdk-amd64/jre/lib/amd64/libnet.so
7f8bdf11d000-7f8bdf31d000 rw-p 00000000 00:00 0 
7f8bdf31d000-7f8bdf320000 ---p 00000000 00:00 0 
7f8bdf320000-7f8bdf41e000 rw-p 00000000 00:00 0 
7f8bdf41e000-7f8bdf421000 ---p 00000000 00:00 0 
7f8bdf421000-7f8bdf51f000 rw-p 00000000 00:00 0 
7f8bdf51f000-7f8bdf522000 ---p 00000000 00:00 0 
7f8bdf522000-7f8bdf620000 rw-p 00000000 00:00 0 
7f8bdf620000-7f8bdf623000 ---p 00000000 00:00 0 
7f8bdf623000-7f8bdf721000 rw-p 00000000 00:00 0 
7f8bdf721000-7f8bdf726000 r-xp 00000000 08:05 2762010                    /usr/lib/x86_64-linux-gnu/libXfixes.so.3.1.0
7f8bdf726000-7f8bdf925000 ---p 00005000 08:05 2762010                    /usr/lib/x86_64-linux-gnu/libXfixes.so.3.1.0
7f8bdf925000-7f8bdf926000 r--p 00004000 08:05 2762010                    /usr/lib/x86_64-linux-gnu/libXfixes.so.3.1.0
7f8bdf926000-7f8bdf927000 rw-p 00005000 08:05 2762010                    /usr/lib/x86_64-linux-gnu/libXfixes.so.3.1.0
7f8bdf927000-7f8bdf930000 r-xp 00000000 08:05 2762002                    /usr/lib/x86_64-linux-gnu/libXcursor.so.1.0.2
7f8bdf930000-7f8bdfb2f000 ---p 00009000 08:05 2762002                    /usr/lib/x86_64-linux-gnu/libXcursor.so.1.0.2
7f8bdfb2f000-7f8bdfb30000 r--p 00008000 08:05 2762002                    /usr/lib/x86_64-linux-gnu/libXcursor.so.1.0.2
7f8bdfb30000-7f8bdfb31000 rw-p 00009000 08:05 2762002                    /usr/lib/x86_64-linux-gnu/libXcursor.so.1.0.2
7f8bdfb31000-7f8bdfb55000 r-xp 00000000 08:05 267282                     /lib/x86_64-linux-gnu/libpng12.so.0.54.0
7f8bdfb55000-7f8bdfd54000 ---p 00024000 08:05 267282                     /lib/x86_64-linux-gnu/libpng12.so.0.54.0
7f8bdfd54000-7f8bdfd55000 r--p 00023000 08:05 267282                     /lib/x86_64-linux-gnu/libpng12.so.0.54.0
7f8bdfd55000-7f8bdfd56000 rw-p 00024000 08:05 267282                     /lib/x86_64-linux-gnu/libpng12.so.0.54.0
7f8bdfd56000-7f8bdfdfa000 r-xp 00000000 08:05 2753974                    /usr/lib/x86_64-linux-gnu/libfreetype.so.6.12.1
7f8bdfdfa000-7f8bdfff9000 ---p 000a4000 08:05 2753974                    /usr/lib/x86_64-linux-gnu/libfreetype.so.6.12.1
7f8bdfff9000-7f8bdffff000 r--p 000a3000 08:05 2753974                    /usr/lib/x86_64-linux-gnu/libfreetype.so.6.12.1
7f8bdffff000-7f8be0000000 rw-p 000a9000 08:05 2753974                    /usr/lib/x86_64-linux-gnu/libfreetype.so.6.12.1
7f8be0000000-7f8be0765000 rw-p 00000000 00:00 0 
7f8be0765000-7f8be4000000 ---p 00000000 00:00 0 
7f8be4000000-7f8be4021000 rw-p 00000000 00:00 0 
7f8be4021000-7f8be8000000 ---p 00000000 00:00 0 
7f8be8000000-7f8be80ff000 rw-p 00000000 00:00 0 
7f8be80ff000-7f8bec000000 ---p 00000000 00:00 0 
7f8bec000000-7f8bec0ae000 rw-p 00000000 00:00 0 
7f8bec0ae000-7f8bf0000000 ---p 00000000 00:00 0 
7f8bf0000000-7f8bf0021000 rw-p 00000000 00:00 0 
7f8bf0021000-7f8bf4000000 ---p 00000000 00:00 0 
7f8bf4000000-7f8bf4021000 rw-p 00000000 00:00 0 
7f8bf4021000-7f8bf8000000 ---p 00000000 00:00 0 
7f8bf8000000-7f8bf8021000 rw-p 00000000 00:00 0 
7f8bf8021000-7f8bfc000000 ---p 00000000 00:00 0 
7f8bfc000000-7f8bfc021000 rw-p 00000000 00:00 0 
7f8bfc021000-7f8c00000000 ---p 00000000 00:00 0 
7f8c00000000-7f8c00021000 rw-p 00000000 00:00 0 
7f8c00021000-7f8c04000000 ---p 00000000 00:00 0 
7f8c04000000-7f8c04021000 rw-p 00000000 00:00 0 
7f8c04021000-7f8c08000000 ---p 00000000 00:00 0 
7f8c08000000-7f8c08021000 rw-p 00000000 00:00 0 
7f8c08021000-7f8c0c000000 ---p 00000000 00:00 0 
7f8c0c079000-7f8c0c07c000 ---p 00000000 00:00 0 
7f8c0c07c000-7f8c0c17a000 rw-p 00000000 00:00 0 
7f8c0c17a000-7f8c0c1cc000 r-xp 00000000 08:05 2756105                    /usr/lib/jvm/java-8-openjdk-amd64/jre/lib/amd64/libfontmanager.so
7f8c0c1cc000-7f8c0c3cc000 ---p 00052000 08:05 2756105                    /usr/lib/jvm/java-8-openjdk-amd64/jre/lib/amd64/libfontmanager.so
7f8c0c3cc000-7f8c0c3ce000 r--p 00052000 08:05 2756105                    /usr/lib/jvm/java-8-openjdk-amd64/jre/lib/amd64/libfontmanager.so
7f8c0c3ce000-7f8c0c3cf000 rw-p 00054000 08:05 2756105                    /usr/lib/jvm/java-8-openjdk-amd64/jre/lib/amd64/libfontmanager.so
7f8c0c3cf000-7f8c0c3d4000 r-xp 00000000 08:05 2762006                    /usr/lib/x86_64-linux-gnu/libXdmcp.so.6.0.0
7f8c0c3d4000-7f8c0c5d3000 ---p 00005000 08:05 2762006                    /usr/lib/x86_64-linux-gnu/libXdmcp.so.6.0.0
7f8c0c5d3000-7f8c0c5d4000 r--p 00004000 08:05 2762006                    /usr/lib/x86_64-linux-gnu/libXdmcp.so.6.0.0
7f8c0c5d4000-7f8c0c5d5000 rw-p 00005000 08:05 2762006                    /usr/lib/x86_64-linux-gnu/libXdmcp.so.6.0.0
7f8c0c5d5000-7f8c0c5d7000 r-xp 00000000 08:05 2761995                    /usr/lib/x86_64-linux-gnu/libXau.so.6.0.0
7f8c0c5d7000-7f8c0c7d7000 ---p 00002000 08:05 2761995                    /usr/lib/x86_64-linux-gnu/libXau.so.6.0.0
7f8c0c7d7000-7f8c0c7d8000 r--p 00002000 08:05 2761995                    /usr/lib/x86_64-linux-gnu/libXau.so.6.0.0
7f8c0c7d8000-7f8c0c7d9000 rw-p 00003000 08:05 2761995                    /usr/lib/x86_64-linux-gnu/libXau.so.6.0.0
7f8c0c7d9000-7f8c0c7fa000 r-xp 00000000 08:05 2763373                    /usr/lib/x86_64-linux-gnu/libxcb.so.1.1.0
7f8c0c7fa000-7f8c0c9f9000 ---p 00021000 08:05 2763373                    /usr/lib/x86_64-linux-gnu/libxcb.so.1.1.0
7f8c0c9f9000-7f8c0c9fa000 r--p 00020000 08:05 2763373                    /usr/lib/x86_64-linux-gnu/libxcb.so.1.1.0
7f8c0c9fa000-7f8c0c9fb000 rw-p 00021000 08:05 2763373                    /usr/lib/x86_64-linux-gnu/libxcb.so.1.1.0
7f8c0c9fb000-7f8c0ca0a000 r-xp 00000000 08:05 2762016                    /usr/lib/x86_64-linux-gnu/libXi.so.6.1.0
7f8c0ca0a000-7f8c0cc09000 ---p 0000f000 08:05 2762016                    /usr/lib/x86_64-linux-gnu/libXi.so.6.1.0
7f8c0cc09000-7f8c0cc0a000 r--p 0000e000 08:05 2762016                    /usr/lib/x86_64-linux-gnu/libXi.so.6.1.0
7f8c0cc0a000-7f8c0cc0b000 rw-p 0000f000 08:05 2762016                    /usr/lib/x86_64-linux-gnu/libXi.so.6.1.0
7f8c0cc0b000-7f8c0cc10000 r-xp 00000000 08:05 2762034                    /usr/lib/x86_64-linux-gnu/libXtst.so.6.1.0
7f8c0cc10000-7f8c0ce0f000 ---p 00005000 08:05 2762034                    /usr/lib/x86_64-linux-gnu/libXtst.so.6.1.0
7f8c0ce0f000-7f8c0ce10000 r--p 00004000 08:05 2762034                    /usr/lib/x86_64-linux-gnu/libXtst.so.6.1.0
7f8c0ce10000-7f8c0ce11000 rw-p 00005000 08:05 2762034                    /usr/lib/x86_64-linux-gnu/libXtst.so.6.1.0
7f8c0ce11000-7f8c0ce1a000 r-xp 00000000 08:05 2762028                    /usr/lib/x86_64-linux-gnu/libXrender.so.1.3.0
7f8c0ce1a000-7f8c0d019000 ---p 00009000 08:05 2762028                    /usr/lib/x86_64-linux-gnu/libXrender.so.1.3.0
7f8c0d019000-7f8c0d01a000 r--p 00008000 08:05 2762028                    /usr/lib/x86_64-linux-gnu/libXrender.so.1.3.0
7f8c0d01a000-7f8c0d01b000 rw-p 00009000 08:05 2762028                    /usr/lib/x86_64-linux-gnu/libXrender.so.1.3.0
7f8c0d01b000-7f8c0d150000 r-xp 00000000 08:05 2761991                    /usr/lib/x86_64-linux-gnu/libX11.so.6.3.0
7f8c0d150000-7f8c0d350000 ---p 00135000 08:05 2761991                    /usr/lib/x86_64-linux-gnu/libX11.so.6.3.0
7f8c0d350000-7f8c0d351000 r--p 00135000 08:05 2761991                    /usr/lib/x86_64-linux-gnu/libX11.so.6.3.0
7f8c0d351000-7f8c0d355000 rw-p 00136000 08:05 2761991                    /usr/lib/x86_64-linux-gnu/libX11.so.6.3.0
7f8c0d355000-7f8c0d366000 r-xp 00000000 08:05 2762008                    /usr/lib/x86_64-linux-gnu/libXext.so.6.4.0
7f8c0d366000-7f8c0d565000 ---p 00011000 08:05 2762008                    /usr/lib/x86_64-linux-gnu/libXext.so.6.4.0
7f8c0d565000-7f8c0d566000 r--p 00010000 08:05 2762008                    /usr/lib/x86_64-linux-gnu/libXext.so.6.4.0
7f8c0d566000-7f8c0d567000 rw-p 00011000 08:05 2762008                    /usr/lib/x86_64-linux-gnu/libXext.so.6.4.0
7f8c0d56c000-7f8c0d57f000 r--s 00346000 08:05 2756125                    /usr/lib/jvm/java-8-openjdk-amd64/jre/lib/resources.jar
7f8c0d57f000-7f8c0d5d3000 r-xp 00000000 08:05 2756117                    /usr/lib/jvm/java-8-openjdk-amd64/jre/lib/amd64/libawt_xawt.so
7f8c0d5d3000-7f8c0d7d3000 ---p 00054000 08:05 2756117                    /usr/lib/jvm/java-8-openjdk-amd64/jre/lib/amd64/libawt_xawt.so
7f8c0d7d3000-7f8c0d7d4000 r--p 00054000 08:05 2756117                    /usr/lib/jvm/java-8-openjdk-amd64/jre/lib/amd64/libawt_xawt.so
7f8c0d7d4000-7f8c0d7d7000 rw-p 00055000 08:05 2756117                    /usr/lib/jvm/java-8-openjdk-amd64/jre/lib/amd64/libawt_xawt.so
7f8c0d7d7000-7f8c0d7d8000 rw-p 00000000 00:00 0 
7f8c0d7d8000-7f8c0d878000 r-xp 00000000 08:05 2756122                    /usr/lib/jvm/java-8-openjdk-amd64/jre/lib/amd64/libawt.so
7f8c0d878000-7f8c0da78000 ---p 000a0000 08:05 2756122                    /usr/lib/jvm/java-8-openjdk-amd64/jre/lib/amd64/libawt.so
7f8c0da78000-7f8c0da79000 r--p 000a0000 08:05 2756122                    /usr/lib/jvm/java-8-openjdk-amd64/jre/lib/amd64/libawt.so
7f8c0da79000-7f8c0da84000 rw-p 000a1000 08:05 2756122                    /usr/lib/jvm/java-8-openjdk-amd64/jre/lib/amd64/libawt.so
7f8c0da84000-7f8c0daa9000 rw-p 00000000 00:00 0 
7f8c0daa9000-7f8c0dac4000 r--s 001d6000 08:05 2756135                    /usr/lib/jvm/java-8-openjdk-amd64/jre/lib/ext/nashorn.jar
7f8c0dac4000-7f8c0dadf000 r--s 00394000 08:05 2756138                    /usr/lib/jvm/java-8-openjdk-amd64/jre/lib/ext/cldrdata.jar
7f8c0dadf000-7f8c0dae0000 ---p 00000000 00:00 0 
7f8c0dae0000-7f8c0dbe0000 rw-p 00000000 00:00 0 
7f8c0dbe0000-7f8c0dbe3000 ---p 00000000 00:00 0 
7f8c0dbe3000-7f8c0dce1000 rw-p 00000000 00:00 0 
7f8c0dce1000-7f8c0dce4000 ---p 00000000 00:00 0 
7f8c0dce4000-7f8c0dde2000 rw-p 00000000 00:00 0 
7f8c0dde2000-7f8c0dde5000 ---p 00000000 00:00 0 
7f8c0dde5000-7f8c0dee3000 rw-p 00000000 00:00 0 
7f8c0dee3000-7f8c0dee6000 ---p 00000000 00:00 0 
7f8c0dee6000-7f8c0dfe4000 rw-p 00000000 00:00 0 
7f8c0dfe4000-7f8c0dfe7000 ---p 00000000 00:00 0 
7f8c0dfe7000-7f8c0e0e5000 rw-p 00000000 00:00 0 
7f8c0e0e5000-7f8c0e3bd000 r--p 00000000 08:05 2769216                    /usr/lib/locale/locale-archive
7f8c0e3bd000-7f8c0e3c0000 ---p 00000000 00:00 0 
7f8c0e3c0000-7f8c0e4be000 rw-p 00000000 00:00 0 
7f8c0e4be000-7f8c0e4c1000 ---p 00000000 00:00 0 
7f8c0e4c1000-7f8c0e5bf000 rw-p 00000000 00:00 0 
7f8c0e5bf000-7f8c0e5c0000 ---p 00000000 00:00 0 
7f8c0e5c0000-7f8c0f632000 rw-p 00000000 00:00 0 
7f8c0f632000-7f8c0f800000 r--s 03c06000 08:05 2756386                    /usr/lib/jvm/java-8-openjdk-amd64/jre/lib/rt.jar
7f8c0f800000-7f8c10000000 rw-p 00000000 00:00 0 
7f8c10000000-7f8c10021000 rw-p 00000000 00:00 0 
7f8c10021000-7f8c14000000 ---p 00000000 00:00 0 
7f8c14009000-7f8c15000000 rw-p 00000000 00:00 0 
7f8c15000000-7f8c153d0000 rwxp 00000000 00:00 0 
7f8c153d0000-7f8c24000000 ---p 00000000 00:00 0 
7f8c24000000-7f8c242c8000 rw-p 00000000 00:00 0 
7f8c242c8000-7f8c28000000 ---p 00000000 00:00 0 
7f8c28002000-7f8c28006000 rw-s 00000000 00:05 2621450                    /SYSV00000000 (deleted)
7f8c28006000-7f8c28082000 rw-p 00000000 00:00 0 
7f8c28082000-7f8c28083000 ---p 00000000 00:00 0 
7f8c28083000-7f8c28183000 rw-p 00000000 00:00 0 
7f8c28183000-7f8c28184000 ---p 00000000 00:00 0 
7f8c28184000-7f8c28284000 rw-p 00000000 00:00 0 
7f8c28284000-7f8c28285000 ---p 00000000 00:00 0 
7f8c28285000-7f8c28385000 rw-p 00000000 00:00 0 
7f8c28385000-7f8c28386000 ---p 00000000 00:00 0 
7f8c28386000-7f8c28490000 rw-p 00000000 00:00 0 
7f8c28490000-7f8c2851d000 ---p 00000000 00:00 0 
7f8c2851d000-7f8c28523000 rw-p 00000000 00:00 0 
7f8c28523000-7f8c28569000 ---p 00000000 00:00 0 
7f8c28569000-7f8c2857a000 rw-p 00000000 00:00 0 
7f8c2857a000-7f8c2892a000 ---p 00000000 00:00 0 
7f8c2892a000-7f8c28932000 r-xp 00000000 08:05 2756099                    /usr/lib/jvm/java-8-openjdk-amd64/jre/lib/amd64/libzip.so
7f8c28932000-7f8c28b31000 ---p 00008000 08:05 2756099                    /usr/lib/jvm/java-8-openjdk-amd64/jre/lib/amd64/libzip.so
7f8c28b31000-7f8c28b32000 r--p 00007000 08:05 2756099                    /usr/lib/jvm/java-8-openjdk-amd64/jre/lib/amd64/libzip.so
7f8c28b32000-7f8c28b33000 rw-p 00008000 08:05 2756099                    /usr/lib/jvm/java-8-openjdk-amd64/jre/lib/amd64/libzip.so
7f8c28b33000-7f8c28b3e000 r-xp 00000000 08:05 262663                     /lib/x86_64-linux-gnu/libnss_files-2.23.so
7f8c28b3e000-7f8c28d3d000 ---p 0000b000 08:05 262663                     /lib/x86_64-linux-gnu/libnss_files-2.23.so
7f8c28d3d000-7f8c28d3e000 r--p 0000a000 08:05 262663                     /lib/x86_64-linux-gnu/libnss_files-2.23.so
7f8c28d3e000-7f8c28d3f000 rw-p 0000b000 08:05 262663                     /lib/x86_64-linux-gnu/libnss_files-2.23.so
7f8c28d3f000-7f8c28d45000 rw-p 00000000 00:00 0 
7f8c28d45000-7f8c28d50000 r-xp 00000000 08:05 262656                     /lib/x86_64-linux-gnu/libnss_nis-2.23.so
7f8c28d50000-7f8c28f4f000 ---p 0000b000 08:05 262656                     /lib/x86_64-linux-gnu/libnss_nis-2.23.so
7f8c28f4f000-7f8c28f50000 r--p 0000a000 08:05 262656                     /lib/x86_64-linux-gnu/libnss_nis-2.23.so
7f8c28f50000-7f8c28f51000 rw-p 0000b000 08:05 262656                     /lib/x86_64-linux-gnu/libnss_nis-2.23.so
7f8c28f51000-7f8c28f67000 r-xp 00000000 08:05 262658                     /lib/x86_64-linux-gnu/libnsl-2.23.so
7f8c28f67000-7f8c29166000 ---p 00016000 08:05 262658                     /lib/x86_64-linux-gnu/libnsl-2.23.so
7f8c29166000-7f8c29167000 r--p 00015000 08:05 262658                     /lib/x86_64-linux-gnu/libnsl-2.23.so
7f8c29167000-7f8c29168000 rw-p 00016000 08:05 262658                     /lib/x86_64-linux-gnu/libnsl-2.23.so
7f8c29168000-7f8c2916a000 rw-p 00000000 00:00 0 
7f8c2916a000-7f8c29172000 r-xp 00000000 08:05 262665                     /lib/x86_64-linux-gnu/libnss_compat-2.23.so
7f8c29172000-7f8c29371000 ---p 00008000 08:05 262665                     /lib/x86_64-linux-gnu/libnss_compat-2.23.so
7f8c29371000-7f8c29372000 r--p 00007000 08:05 262665                     /lib/x86_64-linux-gnu/libnss_compat-2.23.so
7f8c29372000-7f8c29373000 rw-p 00008000 08:05 262665                     /lib/x86_64-linux-gnu/libnss_compat-2.23.so
7f8c29373000-7f8c293a0000 r-xp 00000000 08:05 2756124                    /usr/lib/jvm/java-8-openjdk-amd64/jre/lib/amd64/libjava.so
7f8c293a0000-7f8c2959f000 ---p 0002d000 08:05 2756124                    /usr/lib/jvm/java-8-openjdk-amd64/jre/lib/amd64/libjava.so
7f8c2959f000-7f8c295a0000 r--p 0002c000 08:05 2756124                    /usr/lib/jvm/java-8-openjdk-amd64/jre/lib/amd64/libjava.so
7f8c295a0000-7f8c295a2000 rw-p 0002d000 08:05 2756124                    /usr/lib/jvm/java-8-openjdk-amd64/jre/lib/amd64/libjava.so
7f8c295a2000-7f8c295b1000 r-xp 00000000 08:05 2756092                    /usr/lib/jvm/java-8-openjdk-amd64/jre/lib/amd64/libverify.so
7f8c295b1000-7f8c297b0000 ---p 0000f000 08:05 2756092                    /usr/lib/jvm/java-8-openjdk-amd64/jre/lib/amd64/libverify.so
7f8c297b0000-7f8c297b2000 r--p 0000e000 08:05 2756092                    /usr/lib/jvm/java-8-openjdk-amd64/jre/lib/amd64/libverify.so
7f8c297b2000-7f8c297b3000 rw-p 00010000 08:05 2756092                    /usr/lib/jvm/java-8-openjdk-amd64/jre/lib/amd64/libverify.so
7f8c297b3000-7f8c297ba000 r-xp 00000000 08:05 262666                     /lib/x86_64-linux-gnu/librt-2.23.so
7f8c297ba000-7f8c299b9000 ---p 00007000 08:05 262666                     /lib/x86_64-linux-gnu/librt-2.23.so
7f8c299b9000-7f8c299ba000 r--p 00006000 08:05 262666                     /lib/x86_64-linux-gnu/librt-2.23.so
7f8c299ba000-7f8c299bb000 rw-p 00007000 08:05 262666                     /lib/x86_64-linux-gnu/librt-2.23.so
7f8c299bb000-7f8c299d1000 r-xp 00000000 08:05 267179                     /lib/x86_64-linux-gnu/libgcc_s.so.1
7f8c299d1000-7f8c29bd0000 ---p 00016000 08:05 267179                     /lib/x86_64-linux-gnu/libgcc_s.so.1
7f8c29bd0000-7f8c29bd1000 rw-p 00015000 08:05 267179                     /lib/x86_64-linux-gnu/libgcc_s.so.1
7f8c29bd1000-7f8c29cd9000 r-xp 00000000 08:05 262657                     /lib/x86_64-linux-gnu/libm-2.23.so
7f8c29cd9000-7f8c29ed8000 ---p 00108000 08:05 262657                     /lib/x86_64-linux-gnu/libm-2.23.so
7f8c29ed8000-7f8c29ed9000 r--p 00107000 08:05 262657                     /lib/x86_64-linux-gnu/libm-2.23.so
7f8c29ed9000-7f8c29eda000 rw-p 00108000 08:05 262657                     /lib/x86_64-linux-gnu/libm-2.23.so
7f8c29eda000-7f8c2a04c000 r-xp 00000000 08:05 2754689                    /usr/lib/x86_64-linux-gnu/libstdc++.so.6.0.21
7f8c2a04c000-7f8c2a24c000 ---p 00172000 08:05 2754689                    /usr/lib/x86_64-linux-gnu/libstdc++.so.6.0.21
7f8c2a24c000-7f8c2a256000 r--p 00172000 08:05 2754689                    /usr/lib/x86_64-linux-gnu/libstdc++.so.6.0.21
7f8c2a256000-7f8c2a258000 rw-p 0017c000 08:05 2754689                    /usr/lib/x86_64-linux-gnu/libstdc++.so.6.0.21
7f8c2a258000-7f8c2a25c000 rw-p 00000000 00:00 0 
7f8c2a25c000-7f8c2aeac000 r-xp 00000000 08:05 2756119                    /usr/lib/jvm/java-8-openjdk-amd64/jre/lib/amd64/server/libjvm.so
7f8c2aeac000-7f8c2b0ab000 ---p 00c50000 08:05 2756119                    /usr/lib/jvm/java-8-openjdk-amd64/jre/lib/amd64/server/libjvm.so
7f8c2b0ab000-7f8c2b13e000 r--p 00c4f000 08:05 2756119                    /usr/lib/jvm/java-8-openjdk-amd64/jre/lib/amd64/server/libjvm.so
7f8c2b13e000-7f8c2b167000 rw-p 00ce2000 08:05 2756119                    /usr/lib/jvm/java-8-openjdk-amd64/jre/lib/amd64/server/libjvm.so
7f8c2b167000-7f8c2b197000 rw-p 00000000 00:00 0 
7f8c2b197000-7f8c2b1af000 r-xp 00000000 08:05 262670                     /lib/x86_64-linux-gnu/libpthread-2.23.so
7f8c2b1af000-7f8c2b3ae000 ---p 00018000 08:05 262670                     /lib/x86_64-linux-gnu/libpthread-2.23.so
7f8c2b3ae000-7f8c2b3af000 r--p 00017000 08:05 262670                     /lib/x86_64-linux-gnu/libpthread-2.23.so
7f8c2b3af000-7f8c2b3b0000 rw-p 00018000 08:05 262670                     /lib/x86_64-linux-gnu/libpthread-2.23.so
7f8c2b3b0000-7f8c2b3b4000 rw-p 00000000 00:00 0 
7f8c2b3b4000-7f8c2b3b7000 r-xp 00000000 08:05 262655                     /lib/x86_64-linux-gnu/libdl-2.23.so
7f8c2b3b7000-7f8c2b5b6000 ---p 00003000 08:05 262655                     /lib/x86_64-linux-gnu/libdl-2.23.so
7f8c2b5b6000-7f8c2b5b7000 r--p 00002000 08:05 262655                     /lib/x86_64-linux-gnu/libdl-2.23.so
7f8c2b5b7000-7f8c2b5b8000 rw-p 00003000 08:05 262655                     /lib/x86_64-linux-gnu/libdl-2.23.so
7f8c2b5b8000-7f8c2b5d1000 r-xp 00000000 08:05 267332                     /lib/x86_64-linux-gnu/libz.so.1.2.8
7f8c2b5d1000-7f8c2b7d0000 ---p 00019000 08:05 267332                     /lib/x86_64-linux-gnu/libz.so.1.2.8
7f8c2b7d0000-7f8c2b7d1000 r--p 00018000 08:05 267332                     /lib/x86_64-linux-gnu/libz.so.1.2.8
7f8c2b7d1000-7f8c2b7d2000 rw-p 00019000 08:05 267332                     /lib/x86_64-linux-gnu/libz.so.1.2.8
7f8c2b7d2000-7f8c2b991000 r-xp 00000000 08:05 262659                     /lib/x86_64-linux-gnu/libc-2.23.so
7f8c2b991000-7f8c2bb91000 ---p 001bf000 08:05 262659                     /lib/x86_64-linux-gnu/libc-2.23.so
7f8c2bb91000-7f8c2bb95000 r--p 001bf000 08:05 262659                     /lib/x86_64-linux-gnu/libc-2.23.so
7f8c2bb95000-7f8c2bb97000 rw-p 001c3000 08:05 262659                     /lib/x86_64-linux-gnu/libc-2.23.so
7f8c2bb97000-7f8c2bb9b000 rw-p 00000000 00:00 0 
7f8c2bb9b000-7f8c2bba8000 r-xp 00000000 08:05 2756114                    /usr/lib/jvm/java-8-openjdk-amd64/jre/lib/amd64/jli/libjli.so
7f8c2bba8000-7f8c2bda8000 ---p 0000d000 08:05 2756114                    /usr/lib/jvm/java-8-openjdk-amd64/jre/lib/amd64/jli/libjli.so
7f8c2bda8000-7f8c2bda9000 r--p 0000d000 08:05 2756114                    /usr/lib/jvm/java-8-openjdk-amd64/jre/lib/amd64/jli/libjli.so
7f8c2bda9000-7f8c2bdaa000 rw-p 0000e000 08:05 2756114                    /usr/lib/jvm/java-8-openjdk-amd64/jre/lib/amd64/jli/libjli.so
7f8c2bdaa000-7f8c2bdd0000 r-xp 00000000 08:05 262660                     /lib/x86_64-linux-gnu/ld-2.23.so
7f8c2bdd3000-7f8c2bdd8000 r--s 002f9000 08:05 2756385                    /usr/lib/jvm/java-8-openjdk-amd64/jre/lib/charsets.jar
7f8c2bdd8000-7f8c2bddb000 r--s 0000f000 08:05 2756137                    /usr/lib/jvm/java-8-openjdk-amd64/jre/lib/ext/icedtea-sound.jar
7f8c2bddb000-7f8c2bde5000 r--s 00116000 08:05 2756141                    /usr/lib/jvm/java-8-openjdk-amd64/jre/lib/ext/localedata.jar
7f8c2bde5000-7f8c2bde9000 r--s 00037000 08:05 2756140                    /usr/lib/jvm/java-8-openjdk-amd64/jre/lib/ext/sunpkcs11.jar
7f8c2bde9000-7f8c2bdea000 r--s 00010000 08:05 2756139                    /usr/lib/jvm/java-8-openjdk-amd64/jre/lib/ext/zipfs.jar
7f8c2bdea000-7f8c2bdef000 r--s 0003b000 08:05 2756142                    /usr/lib/jvm/java-8-openjdk-amd64/jre/lib/ext/sunjce_provider.jar
7f8c2bdef000-7f8c2be21000 rw-p 00000000 00:00 0 
7f8c2be21000-7f8c2beaf000 ---p 00000000 00:00 0 
7f8c2beaf000-7f8c2beb2000 ---p 00000000 00:00 0 
7f8c2beb2000-7f8c2bfb5000 rw-p 00000000 00:00 0 
7f8c2bfb5000-7f8c2bfb6000 r--s 0000a000 08:05 2756143                    /usr/lib/jvm/java-8-openjdk-amd64/jre/lib/ext/jaccess.jar
7f8c2bfb6000-7f8c2bfb8000 r--s 00001000 08:05 2756136                    /usr/lib/jvm/java-8-openjdk-amd64/jre/lib/ext/dnsns.jar
7f8c2bfb8000-7f8c2bfba000 r--s 00008000 08:05 2756134                    /usr/lib/jvm/java-8-openjdk-amd64/jre/lib/ext/sunec.jar
7f8c2bfba000-7f8c2bfc3000 rw-p 00000000 00:00 0 
7f8c2bfc3000-7f8c2bfcb000 rw-s 00000000 08:05 2883619                    /tmp/hsperfdata_sony/3003
7f8c2bfcb000-7f8c2bfcc000 rw-p 00000000 00:00 0 
7f8c2bfcc000-7f8c2bfcd000 r--p 00000000 00:00 0 
7f8c2bfcd000-7f8c2bfcf000 rw-p 00000000 00:00 0 
7f8c2bfcf000-7f8c2bfd0000 r--p 00025000 08:05 262660                     /lib/x86_64-linux-gnu/ld-2.23.so
7f8c2bfd0000-7f8c2bfd1000 rw-p 00026000 08:05 262660                     /lib/x86_64-linux-gnu/ld-2.23.so
7f8c2bfd1000-7f8c2bfd2000 rw-p 00000000 00:00 0 
7ffd9ddae000-7ffd9ddcf000 rw-p 00000000 00:00 0                          [stack]
7ffd9ddd0000-7ffd9ddd2000 r--p 00000000 00:00 0                          [vvar]
7ffd9ddd2000-7ffd9ddd4000 r-xp 00000000 00:00 0                          [vdso]
ffffffffff600000-ffffffffff601000 r-xp 00000000 00:00 0                  [vsyscall]

VM Arguments:
java_command: Splash
java_class_path (initial): .
Launcher Type: SUN_STANDARD

Environment Variables:
PATH=/home/sony/bin:/home/sony/.local/bin:/usr/local/sbin:/usr/local/bin:/usr/sbin:/usr/bin:/sbin:/bin:/usr/games:/usr/local/games:/snap/bin
SHELL=/bin/bash
DISPLAY=:0

Signal Handlers:
SIGSEGV: [libjvm.so+0xa66fd0], sa_mask[0]=11111111011111111101111111111110, sa_flags=SA_RESTART|SA_SIGINFO
SIGBUS: [libjvm.so+0xa66fd0], sa_mask[0]=11111111011111111101111111111110, sa_flags=SA_RESTART|SA_SIGINFO
SIGFPE: [libjvm.so+0x8b0180], sa_mask[0]=11111111011111111101111111111110, sa_flags=SA_RESTART|SA_SIGINFO
SIGPIPE: [libjvm.so+0x8b0180], sa_mask[0]=11111111011111111101111111111110, sa_flags=SA_RESTART|SA_SIGINFO
SIGXFSZ: [libjvm.so+0x8b0180], sa_mask[0]=11111111011111111101111111111110, sa_flags=SA_RESTART|SA_SIGINFO
SIGILL: [libjvm.so+0x8b0180], sa_mask[0]=11111111011111111101111111111110, sa_flags=SA_RESTART|SA_SIGINFO
SIGUSR1: SIG_DFL, sa_mask[0]=00000000000000000000000000000000, sa_flags=none
SIGUSR2: [libjvm.so+0x8b0030], sa_mask[0]=00000000000000000000000000000000, sa_flags=SA_RESTART|SA_SIGINFO
SIGHUP: [libjvm.so+0x8b0500], sa_mask[0]=11111111011111111101111111111110, sa_flags=SA_RESTART|SA_SIGINFO
SIGINT: [libjvm.so+0x8b0500], sa_mask[0]=11111111011111111101111111111110, sa_flags=SA_RESTART|SA_SIGINFO
SIGTERM: [libjvm.so+0x8b0500], sa_mask[0]=11111111011111111101111111111110, sa_flags=SA_RESTART|SA_SIGINFO
SIGQUIT: [libjvm.so+0x8b0500], sa_mask[0]=11111111011111111101111111111110, sa_flags=SA_RESTART|SA_SIGINFO


---------------  S Y S T E M  ---------------

OS:DISTRIB_ID=Ubuntu
DISTRIB_RELEASE=16.04
DISTRIB_CODENAME=xenial
DISTRIB_DESCRIPTION="Ubuntu 16.04.1 LTS"

uname:Linux 4.4.0-75-generic #96-Ubuntu SMP Thu Apr 20 09:56:33 UTC 2017 x86_64
libc:glibc 2.23 NPTL 2.23 
rlimit: STACK 8192k, CORE 0k, NPROC 7108, NOFILE 65536, AS infinity
load average:0.37 0.31 0.16

/proc/meminfo:
MemTotal:        1858816 kB
MemFree:         1121104 kB
MemAvailable:    1263352 kB
Buffers:           72900 kB
Cached:           288672 kB
SwapCached:        14932 kB
Active:           335524 kB
Inactive:         304756 kB
Active(anon):     147672 kB
Inactive(anon):   169476 kB
Active(file):     187852 kB
Inactive(file):   135280 kB
Unevictable:          32 kB
Mlocked:              32 kB
SwapTotal:       1975292 kB
SwapFree:        1948516 kB
Dirty:                52 kB
Writeback:             0 kB
AnonPages:        264064 kB
Mapped:            68640 kB
Shmem:             38236 kB
Slab:              50736 kB
SReclaimable:      24032 kB
SUnreclaim:        26704 kB
KernelStack:        4240 kB
PageTables:         8096 kB
NFS_Unstable:          0 kB
Bounce:                0 kB
WritebackTmp:          0 kB
CommitLimit:     2904700 kB
Committed_AS:    1056116 kB
VmallocTotal:   34359738367 kB
VmallocUsed:           0 kB
VmallocChunk:          0 kB
HardwareCorrupted:     0 kB
AnonHugePages:    143360 kB
CmaTotal:              0 kB
CmaFree:               0 kB
HugePages_Total:       0
HugePages_Free:        0
HugePages_Rsvd:        0
HugePages_Surp:        0
Hugepagesize:       2048 kB
DirectMap4k:      121112 kB
DirectMap2M:     1855488 kB


CPU:total 4 (2 cores per cpu, 2 threads per core) family 6 model 58 stepping 9, cmov, cx8, fxsr, mmx, sse, sse2, sse3, ssse3, sse4.1, sse4.2, popcnt, avx, clmul, erms, ht, tsc, tscinvbit, tscinv

/proc/cpuinfo:
processor	: 0
vendor_id	: GenuineIntel
cpu family	: 6
model		: 58
model name	: Intel(R) Core(TM) i3-3227U CPU @ 1.90GHz
stepping	: 9
microcode	: 0x1c
cpu MHz		: 875.261
cache size	: 3072 KB
physical id	: 0
siblings	: 4
core id		: 0
cpu cores	: 2
apicid		: 0
initial apicid	: 0
fpu		: yes
fpu_exception	: yes
cpuid level	: 13
wp		: yes
flags		: fpu vme de pse tsc msr pae mce cx8 apic sep mtrr pge mca cmov pat pse36 clflush dts acpi mmx fxsr sse sse2 ss ht tm pbe syscall nx rdtscp lm constant_tsc arch_perfmon pebs bts rep_good nopl xtopology nonstop_tsc aperfmperf eagerfpu pni pclmulqdq dtes64 monitor ds_cpl vmx est tm2 ssse3 cx16 xtpr pdcm pcid sse4_1 sse4_2 x2apic popcnt tsc_deadline_timer xsave avx f16c lahf_lm epb tpr_shadow vnmi flexpriority ept vpid fsgsbase smep erms xsaveopt dtherm ida arat pln pts
bugs		:
bogomips	: 3791.05
clflush size	: 64
cache_alignment	: 64
address sizes	: 36 bits physical, 48 bits virtual
power management:

processor	: 1
vendor_id	: GenuineIntel
cpu family	: 6
model		: 58
model name	: Intel(R) Core(TM) i3-3227U CPU @ 1.90GHz
stepping	: 9
microcode	: 0x1c
cpu MHz		: 875.410
cache size	: 3072 KB
physical id	: 0
siblings	: 4
core id		: 0
cpu cores	: 2
apicid		: 1
initial apicid	: 1
fpu		: yes
fpu_exception	: yes
cpuid level	: 13
wp		: yes
flags		: fpu vme de pse tsc msr pae mce cx8 apic sep mtrr pge mca cmov pat pse36 clflush dts acpi mmx fxsr sse sse2 ss ht tm pbe syscall nx rdtscp lm constant_tsc arch_perfmon pebs bts rep_good nopl xtopology nonstop_tsc aperfmperf eagerfpu pni pclmulqdq dtes64 monitor ds_cpl vmx est tm2 ssse3 cx16 xtpr pdcm pcid sse4_1 sse4_2 x2apic popcnt tsc_deadline_timer xsave avx f16c lahf_lm epb tpr_shadow vnmi flexpriority ept vpid fsgsbase smep erms xsaveopt dtherm ida arat pln pts
bugs		:
bogomips	: 3791.05
clflush size	: 64
cache_alignment	: 64
address sizes	: 36 bits physical, 48 bits virtual
power management:

processor	: 2
vendor_id	: GenuineIntel
cpu family	: 6
model		: 58
model name	: Intel(R) Core(TM) i3-3227U CPU @ 1.90GHz
stepping	: 9
microcode	: 0x1c
cpu MHz		: 940.945
cache size	: 3072 KB
physical id	: 0
siblings	: 4
core id		: 1
cpu cores	: 2
apicid		: 2
initial apicid	: 2
fpu		: yes
fpu_exception	: yes
cpuid level	: 13
wp		: yes
flags		: fpu vme de pse tsc msr pae mce cx8 apic sep mtrr pge mca cmov pat pse36 clflush dts acpi mmx fxsr sse sse2 ss ht tm pbe syscall nx rdtscp lm constant_tsc arch_perfmon pebs bts rep_good nopl xtopology nonstop_tsc aperfmperf eagerfpu pni pclmulqdq dtes64 monitor ds_cpl vmx est tm2 ssse3 cx16 xtpr pdcm pcid sse4_1 sse4_2 x2apic popcnt tsc_deadline_timer xsave avx f16c lahf_lm epb tpr_shadow vnmi flexpriority ept vpid fsgsbase smep erms xsaveopt dtherm ida arat pln pts
bugs		:
bogomips	: 3791.05
clflush size	: 64
cache_alignment	: 64
address sizes	: 36 bits physical, 48 bits virtual
power management:

processor	: 3
vendor_id	: GenuineIntel
cpu family	: 6
model		: 58
model name	: Intel(R) Core(TM) i3-3227U CPU @ 1.90GHz
stepping	: 9
microcode	: 0x1c
cpu MHz		: 926.324
cache size	: 3072 KB
physical id	: 0
siblings	: 4
core id		: 1
cpu cores	: 2
apicid		: 3
initial apicid	: 3
fpu		: yes
fpu_exception	: yes
cpuid level	: 13
wp		: yes
flags		: fpu vme de pse tsc msr pae mce cx8 apic sep mtrr pge mca cmov pat pse36 clflush dts acpi mmx fxsr sse sse2 ss ht tm pbe syscall nx rdtscp lm constant_tsc arch_perfmon pebs bts rep_good nopl xtopology nonstop_tsc aperfmperf eagerfpu pni pclmulqdq dtes64 monitor ds_cpl vmx est tm2 ssse3 cx16 xtpr pdcm pcid sse4_1 sse4_2 x2apic popcnt tsc_deadline_timer xsave avx f16c lahf_lm epb tpr_shadow vnmi flexpriority ept vpid fsgsbase smep erms xsaveopt dtherm ida arat pln pts
bugs		:
bogomips	: 3791.05
clflush size	: 64
cache_alignment	: 64
address sizes	: 36 bits physical, 48 bits virtual
power management:



Memory: 4k page, physical 1858816k(1121104k free), swap 1975292k(1948516k free)

vm_info: OpenJDK 64-Bit Server VM (25.121-b13) for linux-amd64 JRE (1.8.0_121-8u121-b13-0ubuntu1.16.04.2-b13), built on Jan 23 2017 15:51:29 by "buildd" with gcc 5.4.0 20160609

time: Thu May  4 19:54:37 2017
elapsed time: 7883 seconds (0d 2h 11m 23s)

